빌드 시작: 2016-04-04 오전 10:16:50
     1>2 노드의 "C:\Users\wooPC\Source\Repos\EsperClient\EsperClient_UI\EsperClient\EsperClient.vcxproj" 프로젝트(Build 대상)입니다.
     1>ClCompile:
         C:\Program Files (x86)\Microsoft Visual Studio 14.0\VC\bin\CL.exe /c /IC:\Users\wooPC\Source\Repos\Esper\Client\EsperClient_UI\Lib\include /ZI /nologo /W3 /WX- /sdl /Od /Oy- /D WIN32 /D _WINDOWS /D _DEBUG /D _CRT_SECURE_NO_WARNINGS /D _WINSOCK_DEPRECATED_NO_WARNINGS /D _MBCS /Gm /EHsc /RTC1 /MTd /GS /fp:precise /Zc:wchar_t /Zc:forScope /Zc:inline /Fo"Debug\\" /Fd"Debug\vc140.pdb" /Gd /TP /analyze- /errorReport:prompt AccessDlg.cpp EsperClient.cpp EsperClientDlg.cpp JoinDlg.cpp LoginDlg.cpp RemindIdDlg.cpp RemindPwDlg.cpp SettingDlg.cpp WrapDlg.cpp
         LoginDlg.cpp
     1>c:\program files (x86)\microsoft visual studio 14.0\vc\atlmfc\include\afx.h(38): warning C4996: 'MBCS_Support_Deprecated_In_MFC': MBCS support in MFC is deprecated and may be removed in a future version of MFC.
         c:\program files (x86)\microsoft visual studio 14.0\vc\atlmfc\include\afx.h(33): note: 'MBCS_Support_Deprecated_In_MFC' 선언을 참조하십시오.
         _WIN32_WINNT not defined. Defaulting to _WIN32_WINNT_MAXVER (see WinSDKVer.h)
         코드를 생성하고 있습니다...
         컴파일하고 있습니다...
         EsperClientDlg.cpp
     1>c:\program files (x86)\microsoft visual studio 14.0\vc\atlmfc\include\afx.h(38): warning C4996: 'MBCS_Support_Deprecated_In_MFC': MBCS support in MFC is deprecated and may be removed in a future version of MFC.
         c:\program files (x86)\microsoft visual studio 14.0\vc\atlmfc\include\afx.h(33): note: 'MBCS_Support_Deprecated_In_MFC' 선언을 참조하십시오.
         _WIN32_WINNT not defined. Defaulting to _WIN32_WINNT_MAXVER (see WinSDKVer.h)
         코드를 생성하고 있습니다...
     1>c:\users\woopc\source\repos\esperclient\esperclient_ui\esperclient\esperclientdlg.cpp(252): warning C4715: 'CEsperClientDlg::OnInitDialog': 모든 제어 경로에서 값을 반환하지는 않습니다.
         건너뛰고 있습니다... (관련된 변경 내용 없음)
         WrapDlg.cpp
         SettingDlg.cpp
         RemindPwDlg.cpp
         RemindIdDlg.cpp
         JoinDlg.cpp
         EsperClient.cpp
         AccessDlg.cpp
       ResourceCompile:
         C:\Program Files (x86)\Windows Kits\8.1\bin\x86\rc.exe /D _DEBUG /l"0x0412" /IDebug\ /nologo /fo"Debug\EsperClient.res" EsperClient.rc 
       Link:
         C:\Program Files (x86)\Microsoft Visual Studio 14.0\VC\bin\link.exe /ERRORREPORT:PROMPT /OUT:"C:\Users\wooPC\Source\Repos\EsperClient\EsperClient_UI\Debug\EsperClient.exe" /INCREMENTAL /NOLOGO /LIBPATH:C:\Users\wooPC\Source\Repos\Esper\Client\EsperClient_UI\Lib\lib /LIBPATH:C:\Users\wooPC\Source\Repos\Esper\Client\EsperClient_UI\Json cryptlib.lib json_vc71_libmtd.lib /MANIFEST /MANIFESTUAC:"level='asInvoker' uiAccess='false'" /manifest:embed /manifestinput:"C:\Program Files (x86)\Microsoft Visual Studio 14.0\VC\Include\Manifest\dpiaware.manifest" /Debug /PDB:"C:\Users\wooPC\Source\Repos\EsperClient\EsperClient_UI\Debug\EsperClient.pdb" /SUBSYSTEM:WINDOWS /TLBID:1 /DYNAMICBASE /NXCOMPAT /IMPLIB:"C:\Users\wooPC\Source\Repos\EsperClient\EsperClient_UI\Debug\EsperClient.lib" /MACHINE:X86 /FORCE Debug\EsperClient.res
         Debug\AccessDlg.obj
         Debug\Communication.obj
         Debug\EsperClient.obj
         Debug\EsperClientDlg.obj
         Debug\FileLayer.obj
         Debug\JoinDlg.obj
         Debug\jsoncpp.obj
         Debug\LoginDlg.obj
         Debug\RemindIdDlg.obj
         Debug\RemindPwDlg.obj
         Debug\SettingDlg.obj
         Debug\stdafx.obj
         Debug\WrapDlg.obj
     1>LINK : warning LNK4075: '/INCREMENTAL'이(가) '/FORCE' 사양으로 인해 무시됩니다.
     1>AccessDlg.obj : warning LNK4075: '/EDITANDCONTINUE'이(가) '/OPT:LBR' 사양으로 인해 무시됩니다.
         EsperClient.vcxproj -> C:\Users\wooPC\Source\Repos\EsperClient\EsperClient_UI\Debug\EsperClient.exe
     1>"C:\Users\wooPC\Source\Repos\EsperClient\EsperClient_UI\EsperClient\EsperClient.vcxproj" 프로젝트를 빌드했습니다(Build 대상).

빌드했습니다.

경과 시간: 00:00:20.92
